<?xml version="1.0" encoding="UTF-8"?>
<testsuite name="com.ll.CalcTests" tests="28" skipped="0" failures="0" errors="0" timestamp="2023-04-05T04:03:18" hostname="LAPTOP-75ALFHN0" time="0.142">
  <properties/>
  <testcase name="1 + 1 == 2" classname="com.ll.CalcTests" time="0.05"/>
  <testcase name="2 + 1 == 3" classname="com.ll.CalcTests" time="0.002"/>
  <testcase name="2 + 2 == 4" classname="com.ll.CalcTests" time="0.001"/>
  <testcase name="1000 + 280 == 1280" classname="com.ll.CalcTests" time="0.001"/>
  <testcase name="2 - 1 == 1" classname="com.ll.CalcTests" time="0.002"/>
  <testcase name="3 - 1 == 2" classname="com.ll.CalcTests" time="0.001"/>
  <testcase name="100 - 20 == 80" classname="com.ll.CalcTests" time="0.001"/>
  <testcase name="10 + 20 + 30 == 60" classname="com.ll.CalcTests" time="0.001"/>
  <testcase name="10 - 20 + 30 == 20" classname="com.ll.CalcTests" time="0.001"/>
  <testcase name="10 - 10 - 10 - 10 == -20" classname="com.ll.CalcTests" time="0.002"/>
  <testcase name="10 - 10 - 10 - 10 + 10 + 10 - 10 == -10" classname="com.ll.CalcTests" time="0.001"/>
  <testcase name="10 * 10 == 100" classname="com.ll.CalcTests" time="0.001"/>
  <testcase name="10 * -10 == -100" classname="com.ll.CalcTests" time="0.001"/>
  <testcase name="10 * 10 * 10 == 1000" classname="com.ll.CalcTests" time="0.001"/>
  <testcase name="10 + 5 * 2 == 20" classname="com.ll.CalcTests" time="0.004"/>
  <testcase name="20 + 10 + 5 * 2 == 40" classname="com.ll.CalcTests" time="0.003"/>
  <testcase name="10 * 20 + 10 + 5 * 2 == 220" classname="com.ll.CalcTests" time="0.002"/>
  <testcase name="(10 + 20) == 30" classname="com.ll.CalcTests" time="0.001"/>
  <testcase name="((10 + 20)) == 30" classname="com.ll.CalcTests" time="0.001"/>
  <testcase name="(((10 + 20))) == 30" classname="com.ll.CalcTests" time="0.001"/>
  <testcase name="(20 + 20) + 20 == 60" classname="com.ll.CalcTests" time="0.011"/>
  <testcase name="((20 + 20)) + 20 == 60" classname="com.ll.CalcTests" time="0.002"/>
  <testcase name="(10 + 20) * 3 == 90" classname="com.ll.CalcTests" time="0.001"/>
  <testcase name="10 + (10 + 5) == 25" classname="com.ll.CalcTests" time="0.003"/>
  <testcase name="-(10 + 5) == -15" classname="com.ll.CalcTests" time="0.009"/>
  <testcase name="-(8 + 2) * -(7 + 3) + 5 == 105" classname="com.ll.CalcTests" time="0.003"/>
  <testcase name="5 - (1 + 5) == -1" classname="com.ll.CalcTests" time="0.007"/>
  <testcase name="3 * 1 + (1 - (4 * 1 - (1 - 1))) == 0" classname="com.ll.CalcTests" time="0.004"/>
  <system-out><![CDATA[exp(1 in 0) : 1 + 1
exp(2 in 0) : 2 + 1
exp(3 in 0) : 2 + 2
exp(4 in 0) : 1000 + 280
exp(5 in 0) : 2 - 1
exp(6 in 0) : 3 - 1
exp(7 in 0) : 100 - 20
exp(8 in 0) : 10 + 20 + 30
exp(9 in 0) : 10 - 20 + 30
exp(10 in 0) : 10 - 10 - 10 - 10
exp(11 in 0) : 10 - 10 - 10 - 10 + 10 + 10 - 10
exp(12 in 0) : 10 * 10
exp(13 in 0) : 10 * -10
exp(14 in 0) : 10 * 10 * 10
exp(15 in 0) : 10 + 5 * 2
    exp(16 in 1) : 10
    exp(17 in 1) : 5 * 2
    exp(18 in 1) : 10 + 10
exp(19 in 0) : 20 + 10 + 5 * 2
    exp(20 in 1) : 20
    exp(21 in 1) : 10
    exp(22 in 1) : 5 * 2
    exp(23 in 1) : 20 + 10 + 10
exp(24 in 0) : 10 * 20 + 10 + 5 * 2
    exp(25 in 1) : 10 * 20
    exp(26 in 1) : 10
    exp(27 in 1) : 5 * 2
    exp(28 in 1) : 200 + 10 + 10
exp(29 in 0) : 10 + 20
exp(30 in 0) : 10 + 20
exp(31 in 0) : 10 + 20
exp(32 in 0) : (20 + 20) + 20
    exp(33 in 1) : 20 + 20
    exp(34 in 1) : 20
    exp(35 in 1) : 40 + 20
exp(36 in 0) : ((20 + 20)) + 20
    exp(37 in 1) : 20 + 20
    exp(38 in 1) : 20
    exp(39 in 1) : 40 + 20
exp(40 in 0) : (10 + 20) * 3
    exp(41 in 1) : 10 + 20
    exp(42 in 1) : 3
    exp(43 in 1) : 30 * 3
exp(44 in 0) : 10 + (10 + 5)
    exp(45 in 1) : 10
    exp(46 in 1) : 10 + 5
    exp(47 in 1) : 10 + 15
exp(48 in 0) : (10 + 5) * -1
    exp(49 in 1) : 10 + 5
    exp(50 in 1) : -1
    exp(51 in 1) : 15 * -1
exp(52 in 0) : ((8 + 2) * -1) * ((7 + 3) * -1) + 5
    exp(53 in 1) : ((8 + 2) * -1) * ((7 + 3) * -1)
        exp(54 in 2) : (8 + 2) * -1
            exp(55 in 3) : 8 + 2
            exp(56 in 3) : -1
            exp(57 in 3) : 10 * -1
        exp(58 in 2) : (7 + 3) * -1
            exp(59 in 3) : 7 + 3
            exp(60 in 3) : -1
            exp(61 in 3) : 10 * -1
        exp(62 in 2) : -10 * -10
    exp(63 in 1) : 5
    exp(64 in 1) : 100 + 5
exp(65 in 0) : 5 - (1 + 5)
    exp(66 in 1) : 5
    exp(67 in 1) : (1 + 5) * -1
        exp(68 in 2) : 1 + 5
        exp(69 in 2) : -1
        exp(70 in 2) : 6 * -1
    exp(71 in 1) : 5 + -6
exp(72 in 0) : 3 * 1 + (1 - (4 * 1 - (1 - 1)))
    exp(73 in 1) : 3 * 1
    exp(74 in 1) : 1 + ((4 * 1 + ((1 + -1) * -1)) * -1)
        exp(75 in 2) : 1
        exp(76 in 2) : (4 * 1 + ((1 + -1) * -1)) * -1
            exp(77 in 3) : 4 * 1 + ((1 + -1) * -1)
                exp(78 in 4) : 4 * 1
                exp(79 in 4) : (1 + -1) * -1
                    exp(80 in 5) : 1 + -1
                    exp(81 in 5) : -1
                    exp(82 in 5) : 0 * -1
                exp(83 in 4) : 4 + 0
            exp(84 in 3) : -1
            exp(85 in 3) : 4 * -1
        exp(86 in 2) : 1 + -4
    exp(87 in 1) : 3 + -3
]]></system-out>
  <system-err><![CDATA[]]></system-err>
</testsuite>
